{"level":"info","message":"Vehicle added successfully","timestamp":"2025-09-22T08:46:19.130Z"}
{"level":"info","message":"Vehicle added successfully","timestamp":"2025-09-22T08:47:27.787Z"}
{"level":"info","message":"Vehicles retrieved successfully","timestamp":"2025-09-22T08:48:08.448Z"}
{"level":"info","message":"Driver added successfully","timestamp":"2025-09-22T08:50:26.354Z"}
{"level":"info","message":"Driver added successfully","timestamp":"2025-09-22T08:51:19.850Z"}
{"level":"info","message":"Drivers retrieved successfully","timestamp":"2025-09-22T08:51:31.042Z"}
{"level":"info","message":"Dashboard stats retrieved successfully","timestamp":"2025-09-22T08:51:47.482Z"}
{"level":"info","message":"Staff added successfully","timestamp":"2025-09-22T09:01:25.652Z"}
{"level":"info","message":"Staff added successfully","timestamp":"2025-09-22T09:01:31.800Z"}
{"level":"info","message":"Drivers retrieved successfully","timestamp":"2025-09-22T09:04:11.723Z"}
{"level":"info","message":"Driver 68d10dd2da7572c63049c5f2 updated successfully","timestamp":"2025-09-22T09:07:50.439Z"}
{"level":"info","message":"Driver 68d10dd2da7572c63049c5f2 archived successfully","timestamp":"2025-09-22T09:08:29.248Z"}
{"level":"info","message":"Driver 68d10dd2da7572c63049c5f2 restored successfully","timestamp":"2025-09-22T09:11:39.936Z"}
{"level":"info","message":"Driver 68d10dd2da7572c63049c5f2 deleted successfully","timestamp":"2025-09-22T09:14:36.351Z"}
{"level":"info","message":"Driver added successfully","timestamp":"2025-09-22T09:15:35.392Z"}
{"level":"info","message":"Vehicles retrieved successfully","timestamp":"2025-09-22T09:16:15.446Z"}
{"level":"info","message":"Vehicle 68d10cdbda7572c63049c5ea updated successfully","timestamp":"2025-09-22T09:23:21.051Z"}
{"level":"info","message":"Vehicle 68d10cdbda7572c63049c5ea archived successfully","timestamp":"2025-09-22T09:26:13.589Z"}
{"level":"info","message":"Vehicle 68d10cdbda7572c63049c5ea restored successfully","timestamp":"2025-09-22T09:26:22.654Z"}
{"level":"info","message":"Vehicle 68d10cdbda7572c63049c5ea deleted successfully","timestamp":"2025-09-22T09:26:48.583Z"}
{"level":"info","message":"Vehicle added successfully","timestamp":"2025-09-22T09:27:22.744Z"}
{"level":"info","message":"Vehicles retrieved successfully","timestamp":"2025-09-22T09:35:48.060Z"}
{"level":"info","message":"Drivers retrieved successfully","timestamp":"2025-09-22T09:36:12.711Z"}
{"level":"info","message":"Order created Successfully","timestamp":"2025-09-22T09:38:12.208Z"}
{"level":"info","message":"Drivers retrieved successfully","timestamp":"2025-09-22T09:38:55.934Z"}
{"level":"info","message":"Vehicles retrieved successfully","timestamp":"2025-09-22T09:39:18.928Z"}
{"level":"info","message":"Order created Successfully","timestamp":"2025-09-22T09:39:43.611Z"}
{"level":"info","message":"Orders retrieved Successfully","timestamp":"2025-09-22T09:40:36.450Z"}
{"level":"info","message":"Orders retrieved Successfully","timestamp":"2025-09-22T09:41:38.251Z"}
{"level":"info","message":"Orders retrieved Successfully","timestamp":"2025-09-22T09:41:48.403Z"}
{"level":"info","message":"Order updated successfully","timestamp":"2025-09-22T09:42:34.723Z"}
{"level":"info","message":"Orders retrieved Successfully","timestamp":"2025-09-22T09:42:44.182Z"}
{"level":"info","message":"Order updated successfully","timestamp":"2025-09-22T09:43:05.854Z"}
{"level":"info","message":"Order deleted successfully","timestamp":"2025-09-22T09:43:12.692Z"}
{"level":"info","message":"Order created Successfully","timestamp":"2025-09-22T09:43:37.667Z"}
{"level":"info","message":"Orders retrieved Successfully","timestamp":"2025-09-22T09:45:20.787Z"}
{"level":"info","message":"Orders retrieved Successfully","timestamp":"2025-09-22T09:45:53.080Z"}
{"level":"info","message":"Orders retrieved Successfully","timestamp":"2025-09-22T09:49:48.327Z"}
{"level":"info","message":"Orders retrieved Successfully","timestamp":"2025-09-22T09:50:01.561Z"}
{"level":"info","message":"Orders retrieved Successfully","timestamp":"2025-09-22T09:57:49.571Z"}
{"level":"info","message":"Orders retrieved Successfully","timestamp":"2025-09-22T09:58:28.802Z"}
{"level":"info","message":"Orders retrieved Successfully","timestamp":"2025-09-22T09:58:39.019Z"}
{"level":"info","message":"Orders retrieved Successfully","timestamp":"2025-09-22T10:00:05.880Z"}
{"level":"info","message":"Orders retrieved Successfully","timestamp":"2025-09-22T10:02:36.367Z"}
{"level":"info","message":"Orders retrieved Successfully","timestamp":"2025-09-22T10:03:43.727Z"}
{"level":"info","message":"Orders retrieved Successfully","timestamp":"2025-09-22T10:06:01.295Z"}
{"level":"info","message":"Orders retrieved Successfully","timestamp":"2025-09-22T10:11:32.368Z"}
{"level":"info","message":"Order updated successfully","timestamp":"2025-09-22T10:20:04.022Z"}
{"level":"info","message":"Order updated successfully","timestamp":"2025-09-22T10:20:30.531Z"}
{"level":"info","message":"Order updated successfully","timestamp":"2025-09-22T10:22:30.303Z"}
{"level":"info","message":"Order updated successfully","timestamp":"2025-09-22T10:40:36.158Z"}
{"level":"info","message":"Order updated successfully","timestamp":"2025-09-22T10:42:03.635Z"}
{"level":"info","message":"Order updated successfully","timestamp":"2025-09-22T10:42:10.591Z"}
{"level":"info","message":"Order updated successfully","timestamp":"2025-09-22T11:25:35.365Z"}
{"level":"info","message":"Order updated successfully","timestamp":"2025-09-22T11:28:50.534Z"}
{"level":"info","message":"Order updated successfully","timestamp":"2025-09-22T11:36:57.624Z"}
{"level":"info","message":"Order updated successfully","timestamp":"2025-09-22T11:43:12.462Z"}
{"level":"info","message":"Order updated successfully","timestamp":"2025-09-22T11:47:36.706Z"}
{"level":"info","message":"Specific field of Order has been updated successfully","timestamp":"2025-09-22T12:04:29.866Z"}
{"level":"info","message":"Specific field of Order has been updated successfully","timestamp":"2025-09-22T12:04:44.434Z"}
{"level":"info","message":"Login Successful","timestamp":"2025-09-23T11:07:52.482Z"}
{"level":"info","message":"Login Successful","timestamp":"2025-09-23T11:09:03.029Z"}
{"level":"info","message":"Successfully retrieved the staff","timestamp":"2025-09-23T11:44:07.512Z"}
{"level":"info","message":"Successfully retrieved the staff","timestamp":"2025-09-23T11:46:03.165Z"}
{"level":"info","message":"Successfully updated the staff","timestamp":"2025-09-23T11:50:38.024Z"}
{"level":"info","message":"Staff 68d1106bda7572c63049c600 deleted successfully","timestamp":"2025-09-23T11:52:00.806Z"}
{"level":"info","message":"Staff added successfully","timestamp":"2025-09-23T11:53:23.450Z"}
{"level":"info","message":"Login Successful","timestamp":"2025-09-24T06:27:21.002Z"}
{"level":"info","message":"Dashboard stats retrieved successfully","timestamp":"2025-09-24T06:27:49.135Z"}
{"level":"info","message":"Vehicles retrieved successfully","timestamp":"2025-09-24T06:28:18.675Z"}
{"level":"info","message":"Vehicle added successfully","timestamp":"2025-09-24T06:28:59.159Z"}
{"level":"info","message":"Vehicle 68d38fab6671ddc4b2aed9b5 updated successfully","timestamp":"2025-09-24T06:29:56.847Z"}
{"level":"info","message":"Vehicle 68d38fab6671ddc4b2aed9b5 archived successfully","timestamp":"2025-09-24T06:31:17.630Z"}
{"level":"info","message":"Vehicle 68d38fab6671ddc4b2aed9b5 restored successfully","timestamp":"2025-09-24T06:31:37.562Z"}
{"level":"info","message":"Vehicle 68d38fab6671ddc4b2aed9b5 deleted successfully","timestamp":"2025-09-24T06:31:55.815Z"}
{"level":"info","message":"Driver added successfully","timestamp":"2025-09-24T06:32:34.489Z"}
{"level":"info","message":"Driver 68d390826671ddc4b2aed9bc updated successfully","timestamp":"2025-09-24T06:33:10.658Z"}
{"level":"info","message":"Driver 68d390826671ddc4b2aed9bc archived successfully","timestamp":"2025-09-24T06:33:26.211Z"}
{"level":"info","message":"Driver 68d390826671ddc4b2aed9bc restored successfully","timestamp":"2025-09-24T06:33:34.325Z"}
{"level":"info","message":"Driver 68d390826671ddc4b2aed9bc deleted successfully","timestamp":"2025-09-24T06:33:41.378Z"}
{"level":"info","message":"Order created Successfully","timestamp":"2025-09-24T06:40:09.857Z"}
{"level":"info","message":"Specific field of Order has been updated successfully","timestamp":"2025-09-24T06:42:22.775Z"}
{"level":"info","message":"Specific field of Order has been updated successfully","timestamp":"2025-09-24T06:45:17.998Z"}
{"level":"info","message":"Specific field of Order has been updated successfully","timestamp":"2025-09-24T06:49:54.428Z"}
{"level":"info","message":"Order deleted successfully","timestamp":"2025-09-24T07:04:00.900Z"}
{"level":"info","message":"Order created Successfully","timestamp":"2025-09-24T07:06:17.797Z"}
{"level":"info","message":"Order deleted successfully","timestamp":"2025-09-24T08:13:04.035Z"}
{"level":"info","message":"Order created Successfully","timestamp":"2025-09-24T08:13:18.447Z"}
{"level":"info","message":"Order deleted successfully","timestamp":"2025-09-24T08:14:55.779Z"}
{"level":"info","message":"Order created Successfully","timestamp":"2025-09-24T08:16:32.603Z"}
{"level":"info","message":"Order deleted successfully","timestamp":"2025-09-24T08:20:43.238Z"}
{"level":"info","message":"Order created Successfully","timestamp":"2025-09-24T08:20:57.099Z"}
{"level":"info","message":"Specific field of Order has been updated successfully","timestamp":"2025-09-24T08:23:44.075Z"}
{"level":"info","message":"Login Successful","timestamp":"2025-09-24T08:48:07.126Z"}
{"level":"info","message":"Orders retrieved Successfully","timestamp":"2025-09-24T08:49:09.319Z"}
{"level":"info","message":"Order deleted successfully","timestamp":"2025-09-24T08:56:10.011Z"}
{"level":"info","message":"Order created Successfully","timestamp":"2025-09-24T08:57:24.412Z"}
{"level":"info","message":"Specific field of Order has been updated successfully","timestamp":"2025-09-24T08:58:41.962Z"}
{"level":"info","message":"Order created Successfully","timestamp":"2025-09-24T09:05:30.275Z"}
{"level":"info","message":"Specific field of Order has been updated successfully","timestamp":"2025-09-24T09:08:09.256Z"}
{"level":"info","message":"Specific field of Order has been updated successfully","timestamp":"2025-09-24T09:10:45.321Z"}
{"level":"info","message":"Specific field of Order has been updated successfully","timestamp":"2025-09-24T09:11:08.104Z"}
{"level":"info","message":"All Orders retrieved Successfully","timestamp":"2025-09-24T09:18:45.443Z"}
{"level":"info","message":"Successfully retrieved Orders by name or id ","timestamp":"2025-09-24T09:42:23.176Z"}
{"level":"info","message":"Successfully retrieved Orders by name or id ","timestamp":"2025-09-24T09:42:41.531Z"}
{"level":"info","message":"Successfully retrieved Orders by name or id ","timestamp":"2025-09-24T09:53:37.581Z"}
{"level":"info","message":"Successfully retrieved Orders by name or id ","timestamp":"2025-09-24T09:54:03.475Z"}
{"level":"info","message":"All Orders retrieved Successfully","timestamp":"2025-09-24T09:54:20.671Z"}
