{"level":"error","message":"Error updating vehicle","timestamp":"2025-09-22T09:18:06.515Z"}
{"level":"error","message":"Error updating vehicle","timestamp":"2025-09-22T09:20:11.856Z"}
{"level":"error","message":"Error archiving vehicle","timestamp":"2025-09-22T09:25:02.115Z"}
{"level":"error","message":"Error retrieving orders","timestamp":"2025-09-22T09:39:51.894Z"}
{"level":"error","message":"Error retrieving orders","timestamp":"2025-09-22T10:09:50.288Z"}
{"level":"error","message":"Error retrieving orders","timestamp":"2025-09-22T10:10:36.807Z"}
{"level":"error","message":"Error updating order","timestamp":"2025-09-22T10:29:11.304Z"}
{"level":"error","message":"Error updating order","timestamp":"2025-09-22T10:31:26.662Z"}
{"level":"error","message":"Error updating order","timestamp":"2025-09-22T10:35:21.919Z"}
{"level":"error","message":"Error updating the partial order","timestamp":"2025-09-22T11:59:13.068Z"}
{"level":"error","message":"Error updating the partial order","timestamp":"2025-09-22T11:59:58.567Z"}
{"level":"error","message":"Error updating the partial order","timestamp":"2025-09-22T12:01:41.827Z"}
{"level":"error","message":"Error updating the staff","timestamp":"2025-09-23T11:47:19.563Z"}
{"level":"error","message":"Error updating the staff","timestamp":"2025-09-23T11:47:52.356Z"}
{"level":"error","message":"Error deleting the staff","timestamp":"2025-09-23T11:51:13.642Z"}
{"level":"error","message":"Error deleting the staff","timestamp":"2025-09-23T11:51:25.430Z"}
{"level":"error","message":"Error adding staff","timestamp":"2025-09-24T06:08:59.048Z"}
{"level":"error","message":"Error adding staff","timestamp":"2025-09-24T06:09:50.560Z"}
{"level":"error","message":"Error adding staff","timestamp":"2025-09-24T06:11:47.768Z"}
{"level":"error","message":"Error updating the partial order","timestamp":"2025-09-24T06:44:55.221Z"}
{"level":"error","message":"Error deleting order","timestamp":"2025-09-24T07:01:07.359Z"}
{"level":"error","message":"Error creating Order","timestamp":"2025-09-24T07:04:55.514Z"}
{"level":"error","message":"Error creating Order","timestamp":"2025-09-24T08:15:07.629Z"}
{"level":"error","message":"Error creating Order","timestamp":"2025-09-24T08:15:34.416Z"}
{"level":"error","message":"Error updating the partial order","timestamp":"2025-09-24T08:22:47.862Z"}
{"level":"error","message":"Error updating the partial order","timestamp":"2025-09-24T08:23:10.594Z"}
{"level":"error","message":"Failed to retrieved Orders by name or id ","timestamp":"2025-09-24T09:40:07.412Z"}
{"level":"error","message":"Failed to retrieved Orders by name or id ","timestamp":"2025-09-24T09:41:04.414Z"}
